<?xml version="1.0" encoding="UTF-8"?>
<!-- Generated by org.testng.reporters.JUnitXMLReporter -->
<testsuite hostname="lenovo-t450" ignored="0" name="Dependency Test CAse" tests="3" failures="1" timestamp="27 Aug 2019 13:05:54 GMT" time="0.049" errors="0">
  <testcase name="Login" time="0.014" classname="Intro.Taming">
    <failure type="java.lang.AssertionError" message="Expected is true but actual is false expected [true] but found [false]">
      <![CDATA[java.lang.AssertionError: Expected is true but actual is false expected [true] but found [false]
at Intro.Taming.Login(Taming.java:17)
... Removed 28 stack frames]]>
    </failure>
  </testcase> <!-- Login -->
  <testcase name="SendingEmail" time="0.0" classname="Intro.Taming">
    <skipped/>
  </testcase> <!-- SendingEmail -->
  <testcase name="Logout" time="0.0" classname="Intro.Taming">
    <skipped/>
  </testcase> <!-- Logout -->
</testsuite> <!-- Dependency Test CAse -->
