<?xml version="1.0" encoding="UTF-8"?>
<!-- Generated by org.testng.reporters.JUnitXMLReporter -->
<testsuite hostname="lenovo-t450" ignored="2" name="Group Test Case" tests="2" failures="0" timestamp="28 Aug 2019 04:59:17 GMT" time="0.056" errors="0">
  <testcase name="MethodB" time="0.012" classname="Intro.Grouping"/>
  <testcase name="MethodA" time="0.003" classname="Intro.Grouping"/>
  <testcase name="MethodD" time="0.0" classname="Intro.Grouping">
    <ignored/>
  </testcase> <!-- MethodD -->
  <testcase name="MethodC" time="0.0" classname="Intro.Grouping">
    <ignored/>
  </testcase> <!-- MethodC -->
</testsuite> <!-- Group Test Case -->
